<component name="libraryTable">
  <library name="junit:junit:Release" type="repository">
    <properties maven-id="junit:junit:RELEASE" />
    <CLASSES>
      <root url="jar://$PROJECT_DIR$/lib/junit-4.12.jar!/" />
      <root url="jar://$PROJECT_DIR$/lib/hamcrest-core-1.3.jar!/" />
    </CLASSES>
    <JAVADOC />
    <SOURCES />
  </library>
</component>